generation 1000:
name	prop_accepted	number_accepted	number_rejected	weight	tuning_parameter
NeighborHeightNodePermute	0.0153524	22	1411	7	none	
NeighborHeightNodeSwap	0.0112676	16	1404	7	none	
GlobalHeightSizeMixer	0.484018	106	113	1	0.0430798	
GlobalHeightSizeRateScaler	0.566845	106	81	1	0.0370274	
GlobalNodeHeightDirichletOperator	0.293383	869	2093	1	0.000319237	
GlobalPopSizeScaler	0.555024	116	93	1	0.0643009	
NodeHeightDirichletOperator	0.747664	1040	351	7	0.00509086	
NodeHeightMover	0.292373	414	1002	7	0.000459086	
NodeHeightScaler	0.657563	939	489	7	0.0723201	
NodeHeightSlideBumpScaler	0.635126	933	536	7	0.0840331	
NodeHeightSlideBumpSwapScaler	0.608016	895	577	7	0.0863443	
RootHeightScaler	0.582064	1720	1235	1	0.0633446	
SplitLumpNodesRevJumpSampler	0.0398278	37	892	4.66667	1	
SplitLumpNodesRevJumpSampler	0.0639913	59	863	4.66667	10	
SplitLumpNodesRevJumpSampler	0.0163934	15	900	4.66667	100	
TreeScaler	0.59204	119	82	1	0.0447903	
generation 2000:
name	prop_accepted	number_accepted	number_rejected	weight	tuning_parameter
NeighborHeightNodePermute	0.00911002	26	2828	7	none	
NeighborHeightNodeSwap	0.0089748	26	2871	7	none	
GlobalHeightSizeMixer	0.462754	205	238	1	0.0446466	
GlobalHeightSizeRateScaler	0.53317	217	190	1	0.038753	
GlobalNodeHeightDirichletOperator	0.293353	1761	4242	1	0.000286568	
GlobalPopSizeScaler	0.519512	213	197	1	0.0667944	
NodeHeightDirichletOperator	0.738418	2072	734	7	0.00631477	
NodeHeightMover	0.31032	854	1898	7	0.0004278	
NodeHeightScaler	0.630365	1777	1042	7	0.0802145	
NodeHeightSlideBumpScaler	0.598279	1738	1167	7	0.0921719	
NodeHeightSlideBumpSwapScaler	0.582561	1697	1216	7	0.0942924	
RootHeightScaler	0.559508	3366	2650	1	0.0682009	
SplitLumpNodesRevJumpSampler	0.0345395	63	1761	4.66667	1	
SplitLumpNodesRevJumpSampler	0.0489989	93	1805	4.66667	10	
SplitLumpNodesRevJumpSampler	0.0148227	28	1861	4.66667	100	
TreeScaler	0.560209	214	168	1	0.0486354	
generation 3000:
name	prop_accepted	number_accepted	number_rejected	weight	tuning_parameter
NeighborHeightNodePermute	0.00739713	32	4294	7	none	
NeighborHeightNodeSwap	0.00726165	31	4238	7	none	
GlobalHeightSizeMixer	0.453689	289	348	1	0.0443728	
GlobalHeightSizeRateScaler	0.504078	309	304	1	0.039378	
GlobalNodeHeightDirichletOperator	0.299276	2686	6289	1	0.000271915	
GlobalPopSizeScaler	0.514334	305	288	1	0.0690373	
NodeHeightDirichletOperator	0.726373	3082	1161	7	0.00709419	
NodeHeightMover	0.323755	1352	2824	7	0.0004114	
NodeHeightScaler	0.607565	2570	1660	7	0.0844399	
NodeHeightSlideBumpScaler	0.568	2485	1890	7	0.0959521	
NodeHeightSlideBumpSwapScaler	0.567381	2463	1878	7	0.0978541	
RootHeightScaler	0.548804	4931	4054	1	0.0705995	
SplitLumpNodesRevJumpSampler	0.0346445	96	2675	4.66667	1	
SplitLumpNodesRevJumpSampler	0.0486333	137	2680	4.66667	10	
SplitLumpNodesRevJumpSampler	0.0132807	37	2749	4.66667	100	
TreeScaler	0.530478	322	285	1	0.0499569	
generation 4000:
name	prop_accepted	number_accepted	number_rejected	weight	tuning_parameter
NeighborHeightNodePermute	0.0059451	34	5685	7	none	
NeighborHeightNodeSwap	0.0063593	36	5625	7	none	
GlobalHeightSizeMixer	0.453032	381	460	1	0.044336	
GlobalHeightSizeRateScaler	0.492234	412	425	1	0.0396352	
GlobalNodeHeightDirichletOperator	0.303682	3670	8415	1	0.000262381	
GlobalPopSizeScaler	0.51	408	392	1	0.0699601	
NodeHeightDirichletOperator	0.717637	4069	1601	7	0.00762428	
NodeHeightMover	0.334293	1858	3700	7	0.000403095	
NodeHeightScaler	0.597991	3393	2281	7	0.0878048	
NodeHeightSlideBumpScaler	0.564041	3272	2529	7	0.0990024	
NodeHeightSlideBumpSwapScaler	0.564691	3221	2483	7	0.100543	
RootHeightScaler	0.537439	6510	5603	1	0.0719706	
SplitLumpNodesRevJumpSampler	0.0328877	123	3617	4.66667	1	
SplitLumpNodesRevJumpSampler	0.0513293	195	3604	4.66667	10	
SplitLumpNodesRevJumpSampler	0.0122601	46	3706	4.66667	100	
TreeScaler	0.523058	431	393	1	0.0509939	
generation 5000:
name	prop_accepted	number_accepted	number_rejected	weight	tuning_parameter
NeighborHeightNodePermute	0.00491504	35	7086	7	none	
NeighborHeightNodeSwap	0.00601315	43	7108	7	none	
GlobalHeightSizeMixer	0.454632	476	571	1	0.0446711	
GlobalHeightSizeRateScaler	0.498575	525	528	1	0.0402671	
GlobalNodeHeightDirichletOperator	0.311199	4710	10425	1	0.000256045	
GlobalPopSizeScaler	0.513078	510	484	1	0.0714217	
NodeHeightDirichletOperator	0.717351	5048	1989	7	0.00807073	
NodeHeightMover	0.341871	2376	4574	7	0.000397112	
NodeHeightScaler	0.58249	4145	2971	7	0.0894883	
NodeHeightSlideBumpScaler	0.558028	4063	3218	7	0.101348	
NodeHeightSlideBumpSwapScaler	0.559435	3958	3117	7	0.102548	
RootHeightScaler	0.527438	7987	7156	1	0.0728943	
SplitLumpNodesRevJumpSampler	0.0318336	150	4562	4.66667	1	
SplitLumpNodesRevJumpSampler	0.0493331	233	4490	4.66667	10	
SplitLumpNodesRevJumpSampler	0.0116847	55	4652	4.66667	100	
TreeScaler	0.521739	540	495	1	0.0516976	
generation 6000:
name	prop_accepted	number_accepted	number_rejected	weight	tuning_parameter
NeighborHeightNodePermute	0.00480769	41	8487	7	none	
NeighborHeightNodeSwap	0.00573368	49	8497	7	none	
GlobalHeightSizeMixer	0.451074	567	690	1	0.0446338	
GlobalHeightSizeRateScaler	0.490778	612	635	1	0.0403261	
GlobalNodeHeightDirichletOperator	0.315393	5743	12466	1	0.000251342	
GlobalPopSizeScaler	0.506266	606	591	1	0.0717408	
NodeHeightDirichletOperator	0.71168	6008	2434	7	0.00845419	
NodeHeightMover	0.348474	2900	5422	7	0.000392551	
NodeHeightScaler	0.572965	4900	3652	7	0.0911498	
NodeHeightSlideBumpScaler	0.551189	4797	3906	7	0.102706	
NodeHeightSlideBumpSwapScaler	0.551485	4697	3820	7	0.103805	
RootHeightScaler	0.523648	9544	8682	1	0.0738412	
SplitLumpNodesRevJumpSampler	0.0325801	186	5523	4.66667	1	
SplitLumpNodesRevJumpSampler	0.0487762	275	5363	4.66667	10	
SplitLumpNodesRevJumpSampler	0.0112994	64	5600	4.66667	100	
TreeScaler	0.514671	649	612	1	0.0524122	
generation 7000:
name	prop_accepted	number_accepted	number_rejected	weight	tuning_parameter
NeighborHeightNodePermute	0.0044991	45	9957	7	none	
NeighborHeightNodeSwap	0.00501454	50	9921	7	none	
GlobalHeightSizeMixer	0.450596	643	784	1	0.0445572	
GlobalHeightSizeRateScaler	0.480028	697	755	1	0.0401357	
GlobalNodeHeightDirichletOperator	0.318664	6763	14460	1	0.000247393	
GlobalPopSizeScaler	0.492484	688	709	1	0.0715505	
NodeHeightDirichletOperator	0.705733	6967	2905	7	0.0087824	
NodeHeightMover	0.353344	3461	6334	7	0.000389245	
NodeHeightScaler	0.565496	5651	4342	7	0.0925698	
NodeHeightSlideBumpScaler	0.548384	5548	4569	7	0.103994	
NodeHeightSlideBumpSwapScaler	0.544003	5384	4513	7	0.105067	
RootHeightScaler	0.521071	11054	10160	1	0.0745434	
SplitLumpNodesRevJumpSampler	0.0322142	213	6399	4.66667	1	
SplitLumpNodesRevJumpSampler	0.0478805	314	6244	4.66667	10	
SplitLumpNodesRevJumpSampler	0.0106847	71	6574	4.66667	100	
TreeScaler	0.511371	742	709	1	0.0527255	
generation 8000:
name	prop_accepted	number_accepted	number_rejected	weight	tuning_parameter
NeighborHeightNodePermute	0.00443826	51	11440	7	none	
NeighborHeightNodeSwap	0.00494525	56	11268	7	none	
GlobalHeightSizeMixer	0.453883	748	900	1	0.045032	
GlobalHeightSizeRateScaler	0.47116	776	871	1	0.0399949	
GlobalNodeHeightDirichletOperator	0.319466	7779	16571	1	0.000243587	
GlobalPopSizeScaler	0.482823	773	828	1	0.0711038	
NodeHeightDirichletOperator	0.700507	7880	3369	7	0.00904829	
NodeHeightMover	0.352601	3959	7269	7	0.000384307	
NodeHeightScaler	0.563771	6405	4956	7	0.0938941	
NodeHeightSlideBumpScaler	0.545865	6284	5228	7	0.105116	
NodeHeightSlideBumpSwapScaler	0.541571	6136	5194	7	0.106185	
RootHeightScaler	0.519551	12649	11697	1	0.0751674	
SplitLumpNodesRevJumpSampler	0.0313736	238	7348	4.66667	1	
SplitLumpNodesRevJumpSampler	0.047676	359	7171	4.66667	10	
SplitLumpNodesRevJumpSampler	0.0102403	78	7539	4.66667	100	
TreeScaler	0.512789	842	800	1	0.0531817	
generation 9000:
name	prop_accepted	number_accepted	number_rejected	weight	tuning_parameter
NeighborHeightNodePermute	0.00464648	60	12853	7	none	
NeighborHeightNodeSwap	0.00461803	59	12717	7	none	
GlobalHeightSizeMixer	0.458651	843	995	1	0.045281	
GlobalHeightSizeRateScaler	0.472658	873	974	1	0.0400527	
GlobalNodeHeightDirichletOperator	0.322642	8822	18521	1	0.000240905	
GlobalPopSizeScaler	0.47933	858	932	1	0.071184	
NodeHeightDirichletOperator	0.698835	8820	3801	7	0.00932119	
NodeHeightMover	0.354028	4482	8178	7	0.000380681	
NodeHeightScaler	0.560981	7180	5619	7	0.0949574	
NodeHeightSlideBumpScaler	0.542091	7019	5929	7	0.106146	
NodeHeightSlideBumpSwapScaler	0.538046	6880	5907	7	0.107119	
RootHeightScaler	0.516377	14126	13230	1	0.075606	
SplitLumpNodesRevJumpSampler	0.0303951	260	8294	4.66667	1	
SplitLumpNodesRevJumpSampler	0.0472507	397	8005	4.66667	10	
SplitLumpNodesRevJumpSampler	0.0105079	90	8475	4.66667	100	
TreeScaler	0.512779	943	896	1	0.0535887	
generation 10000:
name	prop_accepted	number_accepted	number_rejected	weight	tuning_parameter
NeighborHeightNodePermute	0.00467942	67	14251	7	none	
NeighborHeightNodeSwap	0.00442789	63	14165	7	none	
GlobalHeightSizeMixer	0.457944	931	1102	1	0.0454314	
GlobalHeightSizeRateScaler	0.466081	955	1094	1	0.0399963	
GlobalNodeHeightDirichletOperator	0.3231	9809	20550	1	0.000238186	
GlobalPopSizeScaler	0.472691	952	1062	1	0.0711412	
NodeHeightDirichletOperator	0.697448	9811	4256	7	0.00957398	
NodeHeightMover	0.358169	5038	9028	7	0.00037837	
NodeHeightScaler	0.55921	7957	6272	7	0.0960512	
NodeHeightSlideBumpScaler	0.538306	7722	6623	7	0.106829	
NodeHeightSlideBumpSwapScaler	0.535031	7583	6590	7	0.107898	
RootHeightScaler	0.514217	15625	14761	1	0.0760139	
SplitLumpNodesRevJumpSampler	0.0301275	286	9207	4.66667	1	
SplitLumpNodesRevJumpSampler	0.0482973	451	8887	4.66667	10	
SplitLumpNodesRevJumpSampler	0.0103299	98	9389	4.66667	100	
TreeScaler	0.503664	1031	1016	1	0.0536681	
