generation 1000:
name	prop_accepted	number_accepted	number_rejected	weight	tuning_parameter
NeighborHeightNodePermute	0.0157255	22	1377	7	none	
NeighborHeightNodeSwap	0.0172662	24	1366	7	none	
GlobalHeightSizeMixer	0.446512	96	119	1	0.0468878	
GlobalHeightSizeRateScaler	0.6	117	78	1	0.0353022	
GlobalNodeHeightDirichletOperator	0.318035	984	2110	1	0.000291786	
GlobalPopSizeScaler	0.578475	129	94	1	0.0520981	
NodeHeightDirichletOperator	0.74121	1054	368	7	0.00571006	
NodeHeightMover	0.240371	337	1065	7	0.000601884	
NodeHeightScaler	0.665951	931	467	7	0.0697002	
NodeHeightSlideBumpScaler	0.61779	889	550	7	0.0810756	
NodeHeightSlideBumpSwapScaler	0.664785	942	475	7	0.0671077	
RootHeightScaler	0.670712	2045	1004	1	0.0422693	
SplitLumpNodesRevJumpSampler	0.043299	42	928	4.66667	1	
SplitLumpNodesRevJumpSampler	0.0490605	47	911	4.66667	10	
SplitLumpNodesRevJumpSampler	0.0203644	19	914	4.66667	100	
TreeScaler	0.579439	124	90	1	0.0481304	
generation 2000:
name	prop_accepted	number_accepted	number_rejected	weight	tuning_parameter
NeighborHeightNodePermute	0.00910364	26	2830	7	none	
NeighborHeightNodeSwap	0.00972622	27	2749	7	none	
GlobalHeightSizeMixer	0.465686	190	218	1	0.0479785	
GlobalHeightSizeRateScaler	0.526316	220	198	1	0.0368781	
GlobalNodeHeightDirichletOperator	0.312131	1904	4196	1	0.000266487	
GlobalPopSizeScaler	0.555556	245	196	1	0.0577525	
NodeHeightDirichletOperator	0.728346	2035	759	7	0.00686125	
NodeHeightMover	0.258778	737	2111	7	0.000532143	
NodeHeightScaler	0.636553	1832	1046	7	0.0782109	
NodeHeightSlideBumpScaler	0.598246	1705	1145	7	0.0888114	
NodeHeightSlideBumpSwapScaler	0.642883	1802	1001	7	0.0769273	
RootHeightScaler	0.662044	4010	2047	1	0.0492199	
SplitLumpNodesRevJumpSampler	0.0380952	72	1818	4.66667	1	
SplitLumpNodesRevJumpSampler	0.0397209	74	1789	4.66667	10	
SplitLumpNodesRevJumpSampler	0.0184502	35	1862	4.66667	100	
TreeScaler	0.539568	225	192	1	0.0502609	
generation 3000:
name	prop_accepted	number_accepted	number_rejected	weight	tuning_parameter
NeighborHeightNodePermute	0.00828402	35	4190	7	none	
NeighborHeightNodeSwap	0.00720461	30	4134	7	none	
GlobalHeightSizeMixer	0.451987	273	331	1	0.0476481	
GlobalHeightSizeRateScaler	0.517018	319	298	1	0.0378018	
GlobalNodeHeightDirichletOperator	0.314242	2886	6298	1	0.000253824	
GlobalPopSizeScaler	0.54908	358	294	1	0.0598445	
NodeHeightDirichletOperator	0.726598	3035	1142	7	0.00765959	
NodeHeightMover	0.263976	1138	3173	7	0.000495935	
NodeHeightScaler	0.61622	2667	1661	7	0.0830492	
NodeHeightSlideBumpScaler	0.590909	2522	1746	7	0.0934267	
NodeHeightSlideBumpSwapScaler	0.632075	2680	1560	7	0.0824206	
RootHeightScaler	0.656795	5988	3129	1	0.0534269	
SplitLumpNodesRevJumpSampler	0.0377227	108	2755	4.66667	1	
SplitLumpNodesRevJumpSampler	0.0419054	117	2675	4.66667	10	
SplitLumpNodesRevJumpSampler	0.0164797	47	2805	4.66667	100	
TreeScaler	0.517857	319	297	1	0.0515327	
generation 4000:
name	prop_accepted	number_accepted	number_rejected	weight	tuning_parameter
NeighborHeightNodePermute	0.00757976	43	5630	7	none	
NeighborHeightNodeSwap	0.00637168	36	5614	7	none	
GlobalHeightSizeMixer	0.449749	358	438	1	0.0470754	
GlobalHeightSizeRateScaler	0.48533	397	421	1	0.0377433	
GlobalNodeHeightDirichletOperator	0.319348	3882	8274	1	0.000245687	
GlobalPopSizeScaler	0.547344	474	392	1	0.0619089	
NodeHeightDirichletOperator	0.716971	3967	1566	7	0.00822401	
NodeHeightMover	0.27654	1589	4157	7	0.000477995	
NodeHeightScaler	0.610676	3512	2239	7	0.0866491	
NodeHeightSlideBumpScaler	0.575306	3285	2425	7	0.0958531	
NodeHeightSlideBumpSwapScaler	0.617808	3490	2159	7	0.0853565	
RootHeightScaler	0.646568	7828	4279	1	0.0560596	
SplitLumpNodesRevJumpSampler	0.0342084	129	3642	4.66667	1	
SplitLumpNodesRevJumpSampler	0.0404422	150	3559	4.66667	10	
SplitLumpNodesRevJumpSampler	0.0149606	57	3753	4.66667	100	
TreeScaler	0.495788	412	419	1	0.0519443	
generation 5000:
name	prop_accepted	number_accepted	number_rejected	weight	tuning_parameter
NeighborHeightNodePermute	0.00634607	45	7046	7	none	
NeighborHeightNodeSwap	0.00606061	43	7052	7	none	
GlobalHeightSizeMixer	0.448448	448	551	1	0.0473239	
GlobalHeightSizeRateScaler	0.477162	491	538	1	0.0377886	
GlobalNodeHeightDirichletOperator	0.323885	4902	10233	1	0.000240144	
GlobalPopSizeScaler	0.538104	579	497	1	0.0631719	
NodeHeightDirichletOperator	0.709127	4949	2030	7	0.00870713	
NodeHeightMover	0.28506	2055	5154	7	0.000465313	
NodeHeightScaler	0.600559	4297	2858	7	0.0891015	
NodeHeightSlideBumpScaler	0.570706	4060	3054	7	0.0979146	
NodeHeightSlideBumpSwapScaler	0.608935	4307	2766	7	0.087964	
RootHeightScaler	0.635417	9577	5495	1	0.057911	
SplitLumpNodesRevJumpSampler	0.0330984	155	4528	4.66667	1	
SplitLumpNodesRevJumpSampler	0.0422778	196	4440	4.66667	10	
SplitLumpNodesRevJumpSampler	0.0137102	65	4676	4.66667	100	
TreeScaler	0.485909	500	529	1	0.0523894	
generation 6000:
name	prop_accepted	number_accepted	number_rejected	weight	tuning_parameter
NeighborHeightNodePermute	0.00559441	48	8532	7	none	
NeighborHeightNodeSwap	0.00527921	45	8479	7	none	
GlobalHeightSizeMixer	0.449789	533	652	1	0.0474389	
GlobalHeightSizeRateScaler	0.471264	574	644	1	0.0378412	
GlobalNodeHeightDirichletOperator	0.326125	5912	12216	1	0.000236016	
GlobalPopSizeScaler	0.528436	669	597	1	0.0638321	
NodeHeightDirichletOperator	0.703875	5921	2491	7	0.00911519	
NodeHeightMover	0.294383	2542	6093	7	0.000457141	
NodeHeightScaler	0.595561	5098	3462	7	0.0909835	
NodeHeightSlideBumpScaler	0.565238	4852	3732	7	0.0996563	
NodeHeightSlideBumpSwapScaler	0.597327	5051	3405	7	0.0895285	
RootHeightScaler	0.627796	11338	6722	1	0.0593987	
SplitLumpNodesRevJumpSampler	0.0311721	175	5439	4.66667	1	
SplitLumpNodesRevJumpSampler	0.0425456	238	5356	4.66667	10	
SplitLumpNodesRevJumpSampler	0.0127818	72	5561	4.66667	100	
TreeScaler	0.480065	590	639	1	0.0523371	
generation 7000:
name	prop_accepted	number_accepted	number_rejected	weight	tuning_parameter
NeighborHeightNodePermute	0.00510511	51	9939	7	none	
NeighborHeightNodeSwap	0.004747	47	9854	7	none	
GlobalHeightSizeMixer	0.442919	613	771	1	0.0470984	
GlobalHeightSizeRateScaler	0.470213	663	747	1	0.0380737	
GlobalNodeHeightDirichletOperator	0.326233	6907	14265	1	0.000232115	
GlobalPopSizeScaler	0.518771	760	705	1	0.0642723	
NodeHeightDirichletOperator	0.696868	6830	2971	7	0.009432	
NodeHeightMover	0.300059	3027	7061	7	0.000449977	
NodeHeightScaler	0.587303	5856	4115	7	0.0926109	
NodeHeightSlideBumpScaler	0.556507	5589	4454	7	0.100688	
NodeHeightSlideBumpSwapScaler	0.591272	5853	4046	7	0.0911255	
RootHeightScaler	0.618111	13044	8059	1	0.0605217	
SplitLumpNodesRevJumpSampler	0.0298008	196	6381	4.66667	1	
SplitLumpNodesRevJumpSampler	0.04282	280	6259	4.66667	10	
SplitLumpNodesRevJumpSampler	0.0120999	79	6450	4.66667	100	
TreeScaler	0.483027	683	731	1	0.0527441	
generation 8000:
name	prop_accepted	number_accepted	number_rejected	weight	tuning_parameter
NeighborHeightNodePermute	0.00462963	53	11395	7	none	
NeighborHeightNodeSwap	0.00468032	53	11271	7	none	
GlobalHeightSizeMixer	0.44592	705	876	1	0.0473391	
GlobalHeightSizeRateScaler	0.467419	746	850	1	0.0383281	
GlobalNodeHeightDirichletOperator	0.330155	7999	16229	1	0.000229512	
GlobalPopSizeScaler	0.517344	865	807	1	0.0649109	
NodeHeightDirichletOperator	0.692815	7781	3450	7	0.00972245	
NodeHeightMover	0.305485	3503	7964	7	0.000444397	
NodeHeightScaler	0.579109	6603	4799	7	0.0937151	
NodeHeightSlideBumpScaler	0.554407	6384	5131	7	0.102042	
NodeHeightSlideBumpSwapScaler	0.587057	6622	4658	7	0.092524	
RootHeightScaler	0.611938	14763	9362	1	0.0616077	
SplitLumpNodesRevJumpSampler	0.0286055	216	7335	4.66667	1	
SplitLumpNodesRevJumpSampler	0.0418054	314	7197	4.66667	10	
SplitLumpNodesRevJumpSampler	0.0115731	86	7345	4.66667	100	
TreeScaler	0.479012	776	844	1	0.0530542	
generation 9000:
name	prop_accepted	number_accepted	number_rejected	weight	tuning_parameter
NeighborHeightNodePermute	0.00420266	54	12795	7	none	
NeighborHeightNodeSwap	0.00423563	54	12695	7	none	
GlobalHeightSizeMixer	0.448393	795	978	1	0.0475	
GlobalHeightSizeRateScaler	0.462637	842	978	1	0.0383533	
GlobalNodeHeightDirichletOperator	0.333003	9071	18169	1	0.000227085	
GlobalPopSizeScaler	0.508154	966	935	1	0.0652151	
NodeHeightDirichletOperator	0.68752	8682	3946	7	0.00995638	
NodeHeightMover	0.309292	3971	8868	7	0.000439954	
NodeHeightScaler	0.5738	7363	5469	7	0.0947218	
NodeHeightSlideBumpScaler	0.55028	7163	5854	7	0.103024	
NodeHeightSlideBumpSwapScaler	0.581791	7387	5310	7	0.0936307	
RootHeightScaler	0.606257	16452	10685	1	0.062522	
SplitLumpNodesRevJumpSampler	0.0273535	231	8214	4.66667	1	
SplitLumpNodesRevJumpSampler	0.0418971	356	8141	4.66667	10	
SplitLumpNodesRevJumpSampler	0.0114791	96	8267	4.66667	100	
TreeScaler	0.468939	853	966	1	0.0530558	
generation 10000:
name	prop_accepted	number_accepted	number_rejected	weight	tuning_parameter
NeighborHeightNodePermute	0.0042792	61	14194	7	none	
NeighborHeightNodeSwap	0.00402031	57	14121	7	none	
GlobalHeightSizeMixer	0.448451	883	1086	1	0.0475436	
GlobalHeightSizeRateScaler	0.45996	919	1079	1	0.0384281	
GlobalNodeHeightDirichletOperator	0.334127	10109	20146	1	0.0002249	
GlobalPopSizeScaler	0.50595	1063	1038	1	0.0656709	
NodeHeightDirichletOperator	0.684976	9652	4439	7	0.0102004	
NodeHeightMover	0.312421	4462	9820	7	0.000435343	
NodeHeightScaler	0.568926	8118	6151	7	0.0955874	
NodeHeightSlideBumpScaler	0.55	7942	6498	7	0.104197	
NodeHeightSlideBumpSwapScaler	0.577413	8160	5972	7	0.0946402	
RootHeightScaler	0.599834	18070	12055	1	0.0631997	
SplitLumpNodesRevJumpSampler	0.0274984	257	9089	4.66667	1	
SplitLumpNodesRevJumpSampler	0.0427224	403	9030	4.66667	10	
SplitLumpNodesRevJumpSampler	0.010936	102	9225	4.66667	100	
TreeScaler	0.478326	960	1047	1	0.0535908	
