generation 1000:
name	prop_accepted	number_accepted	number_rejected	weight	tuning_parameter
NeighborHeightNodePermute	0.0112835	16	1402	7	none	
NeighborHeightNodeSwap	0.0144404	20	1365	7	none	
GlobalHeightSizeMixer	0.469697	93	105	1	0.0480105	
GlobalHeightSizeRateScaler	0.6	120	80	1	0.0373163	
GlobalNodeHeightDirichletOperator	0.369231	1104	1886	1	0.000219745	
GlobalPopSizeScaler	0.521505	97	89	1	0.0631038	
NodeHeightDirichletOperator	0.723675	1024	391	7	0.00615668	
NodeHeightMover	0.255634	363	1057	7	0.000521304	
NodeHeightScaler	0.612544	879	556	7	0.0862718	
NodeHeightSlideBumpScaler	0.603089	898	591	7	0.0869149	
NodeHeightSlideBumpSwapScaler	0.623288	910	550	7	0.0905143	
RootHeightScaler	0.608608	1810	1164	1	0.0583318	
SplitLumpNodesRevJumpSampler	0.0682557	63	860	4.66667	1	
SplitLumpNodesRevJumpSampler	0.0687104	65	881	4.66667	10	
SplitLumpNodesRevJumpSampler	0.020585	19	904	4.66667	100	
TreeScaler	0.638889	138	78	1	0.0415466	
generation 2000:
name	prop_accepted	number_accepted	number_rejected	weight	tuning_parameter
NeighborHeightNodePermute	0.00746534	21	2792	7	none	
NeighborHeightNodeSwap	0.00891902	25	2778	7	none	
GlobalHeightSizeMixer	0.459259	186	219	1	0.0494835	
GlobalHeightSizeRateScaler	0.536946	218	188	1	0.0390056	
GlobalNodeHeightDirichletOperator	0.36679	2189	3779	1	0.000208237	
GlobalPopSizeScaler	0.52957	197	175	1	0.0669788	
NodeHeightDirichletOperator	0.717196	2077	819	7	0.00757488	
NodeHeightMover	0.278419	796	2063	7	0.000474775	
NodeHeightScaler	0.591643	1685	1163	7	0.094198	
NodeHeightSlideBumpScaler	0.5758	1637	1206	7	0.0940413	
NodeHeightSlideBumpSwapScaler	0.579637	1725	1251	7	0.0978904	
RootHeightScaler	0.586546	3514	2477	1	0.0637549	
SplitLumpNodesRevJumpSampler	0.0476948	90	1797	4.66667	1	
SplitLumpNodesRevJumpSampler	0.0626338	117	1751	4.66667	10	
SplitLumpNodesRevJumpSampler	0.0175921	32	1787	4.66667	100	
TreeScaler	0.600515	233	155	1	0.0450467	
generation 3000:
name	prop_accepted	number_accepted	number_rejected	weight	tuning_parameter
NeighborHeightNodePermute	0.00665716	28	4178	7	none	
NeighborHeightNodeSwap	0.00853081	36	4184	7	none	
GlobalHeightSizeMixer	0.465347	282	324	1	0.0504009	
GlobalHeightSizeRateScaler	0.513245	310	294	1	0.0395758	
GlobalNodeHeightDirichletOperator	0.37359	3378	5664	1	0.000202675	
GlobalPopSizeScaler	0.512953	297	282	1	0.0687966	
NodeHeightDirichletOperator	0.713819	3058	1226	7	0.00841082	
NodeHeightMover	0.292689	1253	3028	7	0.00045398	
NodeHeightScaler	0.569496	2442	1846	7	0.0971706	
NodeHeightSlideBumpScaler	0.565014	2416	1860	7	0.0983134	
NodeHeightSlideBumpSwapScaler	0.565168	2489	1915	7	0.101372	
RootHeightScaler	0.570148	5153	3885	1	0.0664692	
SplitLumpNodesRevJumpSampler	0.0404745	116	2750	4.66667	1	
SplitLumpNodesRevJumpSampler	0.0549729	152	2613	4.66667	10	
SplitLumpNodesRevJumpSampler	0.0157706	44	2746	4.66667	100	
TreeScaler	0.582624	342	245	1	0.0472055	
generation 4000:
name	prop_accepted	number_accepted	number_rejected	weight	tuning_parameter
NeighborHeightNodePermute	0.00565371	32	5628	7	none	
NeighborHeightNodeSwap	0.00744417	42	5600	7	none	
GlobalHeightSizeMixer	0.440491	359	456	1	0.0497944	
GlobalHeightSizeRateScaler	0.498807	418	420	1	0.0397134	
GlobalNodeHeightDirichletOperator	0.379945	4581	7476	1	0.000199352	
GlobalPopSizeScaler	0.512438	412	392	1	0.0703951	
NodeHeightDirichletOperator	0.707051	4021	1666	7	0.00904044	
NodeHeightMover	0.304348	1729	3952	7	0.000440292	
NodeHeightScaler	0.552581	3137	2540	7	0.099164	
NodeHeightSlideBumpScaler	0.554727	3198	2567	7	0.101351	
NodeHeightSlideBumpSwapScaler	0.550475	3190	2605	7	0.102922	
RootHeightScaler	0.557091	6694	5322	1	0.068157	
SplitLumpNodesRevJumpSampler	0.0365021	139	3669	4.66667	1	
SplitLumpNodesRevJumpSampler	0.0505847	186	3491	4.66667	10	
SplitLumpNodesRevJumpSampler	0.0128824	48	3678	4.66667	100	
TreeScaler	0.571615	439	329	1	0.0482347	
generation 5000:
name	prop_accepted	number_accepted	number_rejected	weight	tuning_parameter
NeighborHeightNodePermute	0.00533483	38	7085	7	none	
NeighborHeightNodeSwap	0.00625355	44	6992	7	none	
GlobalHeightSizeMixer	0.432432	432	567	1	0.0490785	
GlobalHeightSizeRateScaler	0.490672	526	546	1	0.0400922	
GlobalNodeHeightDirichletOperator	0.37998	5732	9353	1	0.000196711	
GlobalPopSizeScaler	0.512463	514	489	1	0.0709197	
NodeHeightDirichletOperator	0.700071	4946	2119	7	0.0095075	
NodeHeightMover	0.312642	2206	4850	7	0.000431531	
NodeHeightScaler	0.544772	3918	3274	7	0.101309	
NodeHeightSlideBumpScaler	0.544341	3910	3273	7	0.103271	
NodeHeightSlideBumpSwapScaler	0.541191	3889	3297	7	0.104288	
RootHeightScaler	0.552798	8308	6721	1	0.0696132	
SplitLumpNodesRevJumpSampler	0.0347954	165	4577	4.66667	1	
SplitLumpNodesRevJumpSampler	0.0471148	218	4409	4.66667	10	
SplitLumpNodesRevJumpSampler	0.012931	60	4580	4.66667	100	
TreeScaler	0.568789	554	420	1	0.0496178	
generation 6000:
name	prop_accepted	number_accepted	number_rejected	weight	tuning_parameter
NeighborHeightNodePermute	0.0046822	40	8503	7	none	
NeighborHeightNodeSwap	0.00528479	45	8470	7	none	
GlobalHeightSizeMixer	0.423993	516	701	1	0.048771	
GlobalHeightSizeRateScaler	0.48265	612	656	1	0.0401511	
GlobalNodeHeightDirichletOperator	0.379358	6899	11287	1	0.00019449	
GlobalPopSizeScaler	0.504681	593	582	1	0.0710117	
NodeHeightDirichletOperator	0.692696	5899	2617	7	0.00987603	
NodeHeightMover	0.317654	2681	5759	7	0.000423995	
NodeHeightScaler	0.540522	4642	3946	7	0.102813	
NodeHeightSlideBumpScaler	0.540997	4612	3913	7	0.104777	
NodeHeightSlideBumpSwapScaler	0.538479	4632	3970	7	0.105879	
RootHeightScaler	0.548574	9944	8183	1	0.0707023	
SplitLumpNodesRevJumpSampler	0.0338004	193	5517	4.66667	1	
SplitLumpNodesRevJumpSampler	0.046861	262	5329	4.66667	10	
SplitLumpNodesRevJumpSampler	0.0125067	70	5527	4.66667	100	
TreeScaler	0.555462	661	529	1	0.0502254	
generation 7000:
name	prop_accepted	number_accepted	number_rejected	weight	tuning_parameter
NeighborHeightNodePermute	0.00442478	44	9900	7	none	
NeighborHeightNodeSwap	0.00543916	54	9874	7	none	
GlobalHeightSizeMixer	0.422505	597	816	1	0.0483245	
GlobalHeightSizeRateScaler	0.479082	710	772	1	0.0403143	
GlobalNodeHeightDirichletOperator	0.382518	8109	13090	1	0.000193128	
GlobalPopSizeScaler	0.49928	693	695	1	0.0712983	
NodeHeightDirichletOperator	0.689165	6831	3081	7	0.0102091	
NodeHeightMover	0.32369	3211	6709	7	0.000417854	
NodeHeightScaler	0.535547	5386	4671	7	0.103817	
NodeHeightSlideBumpScaler	0.540287	5351	4553	7	0.106277	
NodeHeightSlideBumpSwapScaler	0.536756	5374	4638	7	0.1071	
RootHeightScaler	0.546525	11559	9591	1	0.0717099	
SplitLumpNodesRevJumpSampler	0.0341029	226	6401	4.66667	1	
SplitLumpNodesRevJumpSampler	0.0460787	302	6252	4.66667	10	
SplitLumpNodesRevJumpSampler	0.0117881	77	6455	4.66667	100	
TreeScaler	0.54578	763	635	1	0.0505594	
generation 8000:
name	prop_accepted	number_accepted	number_rejected	weight	tuning_parameter
NeighborHeightNodePermute	0.00415635	47	11261	7	none	
NeighborHeightNodeSwap	0.00492438	56	11316	7	none	
GlobalHeightSizeMixer	0.427424	692	927	1	0.0482633	
GlobalHeightSizeRateScaler	0.467301	786	896	1	0.0399911	
GlobalNodeHeightDirichletOperator	0.384273	9324	14940	1	0.000191899	
GlobalPopSizeScaler	0.488502	786	823	1	0.0713126	
NodeHeightDirichletOperator	0.683167	7715	3578	7	0.0104844	
NodeHeightMover	0.328221	3724	7622	7	0.000413207	
NodeHeightScaler	0.532579	6122	5373	7	0.104803	
NodeHeightSlideBumpScaler	0.536254	6072	5251	7	0.107281	
NodeHeightSlideBumpSwapScaler	0.530816	6072	5367	7	0.107815	
RootHeightScaler	0.542201	13137	11092	1	0.0725151	
SplitLumpNodesRevJumpSampler	0.0332763	253	7350	4.66667	1	
SplitLumpNodesRevJumpSampler	0.0453518	341	7178	4.66667	10	
SplitLumpNodesRevJumpSampler	0.011132	83	7373	4.66667	100	
TreeScaler	0.53484	852	741	1	0.0508596	
generation 9000:
name	prop_accepted	number_accepted	number_rejected	weight	tuning_parameter
NeighborHeightNodePermute	0.00409901	52	12634	7	none	
NeighborHeightNodeSwap	0.00508369	65	12721	7	none	
GlobalHeightSizeMixer	0.430872	776	1025	1	0.048424	
GlobalHeightSizeRateScaler	0.465278	871	1001	1	0.039928	
GlobalNodeHeightDirichletOperator	0.386441	10568	16779	1	0.000190904	
GlobalPopSizeScaler	0.484496	875	931	1	0.0714912	
NodeHeightDirichletOperator	0.681468	8671	4053	7	0.0107532	
NodeHeightMover	0.331031	4217	8522	7	0.000408799	
NodeHeightScaler	0.530034	6865	6087	7	0.105724	
NodeHeightSlideBumpScaler	0.533386	6774	5926	7	0.10818	
NodeHeightSlideBumpSwapScaler	0.526503	6804	6119	7	0.108467	
RootHeightScaler	0.538715	14722	12606	1	0.0730855	
SplitLumpNodesRevJumpSampler	0.0329247	282	8283	4.66667	1	
SplitLumpNodesRevJumpSampler	0.04609	389	8051	4.66667	10	
SplitLumpNodesRevJumpSampler	0.0110928	94	8380	4.66667	100	
TreeScaler	0.532338	963	846	1	0.0513322	
generation 10000:
name	prop_accepted	number_accepted	number_rejected	weight	tuning_parameter
NeighborHeightNodePermute	0.00389905	55	14051	7	none	
NeighborHeightNodeSwap	0.00477394	68	14176	7	none	
GlobalHeightSizeMixer	0.429497	862	1145	1	0.0483153	
GlobalHeightSizeRateScaler	0.469719	985	1112	1	0.0400976	
GlobalNodeHeightDirichletOperator	0.3866	11760	18659	1	0.000189893	
GlobalPopSizeScaler	0.481353	968	1043	1	0.0717384	
NodeHeightDirichletOperator	0.676111	9569	4584	7	0.0109763	
NodeHeightMover	0.334842	4734	9404	7	0.000405657	
NodeHeightScaler	0.52839	7603	6786	7	0.106536	
NodeHeightSlideBumpScaler	0.531865	7486	6589	7	0.109131	
NodeHeightSlideBumpSwapScaler	0.523414	7500	6829	7	0.109059	
RootHeightScaler	0.53604	16264	14077	1	0.0736096	
SplitLumpNodesRevJumpSampler	0.0338662	322	9186	4.66667	1	
SplitLumpNodesRevJumpSampler	0.0457343	431	8993	4.66667	10	
SplitLumpNodesRevJumpSampler	0.0107641	101	9282	4.66667	100	
TreeScaler	0.525	1050	950	1	0.0513924	
