generation 1000:
name	prop_accepted	number_accepted	number_rejected	weight	tuning_parameter
NeighborHeightNodePermute	0.0112108	15	1323	6.5	none	
NeighborHeightNodeSwap	0.0132062	18	1345	6.5	none	
GlobalHeightSizeMixer	0.502538	99	98	1	0.0426481	
GlobalHeightSizeRateScaler	0.539535	116	99	1	0.0302108	
GlobalNodeHeightDirichletOperator	0.31859	886	1895	1	0.000268883	
GlobalPopSizeScaler	0.488479	106	111	1	0.0591701	
NodeHeightDirichletOperator	0.697656	893	387	6.5	0.00501856	
NodeHeightMover	0.164248	215	1094	6.5	0.000545133	
NodeHeightScaler	0.617188	790	490	6.5	0.0744026	
NodeHeightSlideBumpScaler	0.589888	735	511	6.5	0.0788635	
NodeHeightSlideBumpSwapScaler	0.641654	838	468	6.5	0.0731357	
RootHeightScaler	0.60824	1683	1084	1	0.0579246	
SplitLumpNodesRevJumpSampler	0.0671551	55	764	4.33333	1	
SplitLumpNodesRevJumpSampler	0.0674286	59	816	4.33333	10	
SplitLumpNodesRevJumpSampler	0.0234467	20	833	4.33333	100	
TreeScaler	0.580913	140	101	1	0.040363	
generation 2000:
name	prop_accepted	number_accepted	number_rejected	weight	tuning_parameter
NeighborHeightNodePermute	0.00705795	19	2673	6.5	none	
NeighborHeightNodeSwap	0.00702923	19	2684	6.5	none	
GlobalHeightSizeMixer	0.457895	174	206	1	0.0419514	
GlobalHeightSizeRateScaler	0.503704	204	201	1	0.0307891	
GlobalNodeHeightDirichletOperator	0.319275	1779	3793	1	0.000245628	
GlobalPopSizeScaler	0.490099	198	206	1	0.0615449	
NodeHeightDirichletOperator	0.68419	1757	811	6.5	0.00592134	
NodeHeightMover	0.206593	539	2070	6.5	0.000471345	
NodeHeightScaler	0.60739	1578	1020	6.5	0.0831059	
NodeHeightSlideBumpScaler	0.574841	1444	1068	6.5	0.0856639	
NodeHeightSlideBumpSwapScaler	0.617923	1648	1019	6.5	0.0820277	
RootHeightScaler	0.589693	3307	2301	1	0.0636958	
SplitLumpNodesRevJumpSampler	0.056535	93	1552	4.33333	1	
SplitLumpNodesRevJumpSampler	0.062101	107	1616	4.33333	10	
SplitLumpNodesRevJumpSampler	0.0217513	39	1754	4.33333	100	
TreeScaler	0.584862	255	181	1	0.043358	
generation 3000:
name	prop_accepted	number_accepted	number_rejected	weight	tuning_parameter
NeighborHeightNodePermute	0.00625469	25	3972	6.5	none	
NeighborHeightNodeSwap	0.00541472	22	4041	6.5	none	
GlobalHeightSizeMixer	0.452504	262	317	1	0.0421846	
GlobalHeightSizeRateScaler	0.504854	312	306	1	0.0317543	
GlobalNodeHeightDirichletOperator	0.325066	2713	5633	1	0.000235221	
GlobalPopSizeScaler	0.490818	294	305	1	0.0624635	
NodeHeightDirichletOperator	0.673528	2585	1253	6.5	0.00643436	
NodeHeightMover	0.22338	879	3056	6.5	0.000435618	
NodeHeightScaler	0.598464	2337	1568	6.5	0.0879294	
NodeHeightSlideBumpScaler	0.571841	2181	1633	6.5	0.0905477	
NodeHeightSlideBumpSwapScaler	0.598259	2405	1615	6.5	0.0865416	
RootHeightScaler	0.577757	4852	3546	1	0.0665492	
SplitLumpNodesRevJumpSampler	0.0496426	125	2393	4.33333	1	
SplitLumpNodesRevJumpSampler	0.0540646	139	2432	4.33333	10	
SplitLumpNodesRevJumpSampler	0.01963	52	2597	4.33333	100	
TreeScaler	0.557351	345	274	1	0.044607	
generation 4000:
name	prop_accepted	number_accepted	number_rejected	weight	tuning_parameter
NeighborHeightNodePermute	0.0059657	32	5332	6.5	none	
NeighborHeightNodeSwap	0.00482106	26	5367	6.5	none	
GlobalHeightSizeMixer	0.437103	344	443	1	0.0413452	
GlobalHeightSizeRateScaler	0.490291	404	420	1	0.0322674	
GlobalNodeHeightDirichletOperator	0.326073	3638	7519	1	0.000227936	
GlobalPopSizeScaler	0.48625	389	411	1	0.0628464	
NodeHeightDirichletOperator	0.666536	3400	1701	6.5	0.0068445	
NodeHeightMover	0.237905	1249	4001	6.5	0.000415354	
NodeHeightScaler	0.589516	3059	2130	6.5	0.0909091	
NodeHeightSlideBumpScaler	0.563478	2916	2259	6.5	0.0932342	
NodeHeightSlideBumpSwapScaler	0.587526	3118	2189	6.5	0.0892939	
RootHeightScaler	0.568363	6356	4827	1	0.0685661	
SplitLumpNodesRevJumpSampler	0.0454146	155	3258	4.33333	1	
SplitLumpNodesRevJumpSampler	0.0531025	184	3281	4.33333	10	
SplitLumpNodesRevJumpSampler	0.0181087	63	3416	4.33333	100	
TreeScaler	0.558537	458	362	1	0.0458776	
generation 5000:
name	prop_accepted	number_accepted	number_rejected	weight	tuning_parameter
NeighborHeightNodePermute	0.00555889	37	6619	6.5	none	
NeighborHeightNodeSwap	0.00492537	33	6667	6.5	none	
GlobalHeightSizeMixer	0.443193	433	544	1	0.041605	
GlobalHeightSizeRateScaler	0.485437	500	530	1	0.0321753	
GlobalNodeHeightDirichletOperator	0.328505	4604	9411	1	0.000222615	
GlobalPopSizeScaler	0.477073	489	536	1	0.0631156	
NodeHeightDirichletOperator	0.65932	4188	2164	6.5	0.00716671	
NodeHeightMover	0.242049	1583	4957	6.5	0.000399601	
NodeHeightScaler	0.577853	3778	2760	6.5	0.0927198	
NodeHeightSlideBumpScaler	0.55881	3644	2877	6.5	0.0954329	
NodeHeightSlideBumpSwapScaler	0.580987	3838	2768	6.5	0.0914968	
RootHeightScaler	0.557909	7823	6199	1	0.0697482	
SplitLumpNodesRevJumpSampler	0.0429981	183	4073	4.33333	1	
SplitLumpNodesRevJumpSampler	0.051148	225	4174	4.33333	10	
SplitLumpNodesRevJumpSampler	0.0190192	83	4281	4.33333	100	
TreeScaler	0.54466	561	469	1	0.0466082	
generation 6000:
name	prop_accepted	number_accepted	number_rejected	weight	tuning_parameter
NeighborHeightNodePermute	0.00475594	38	7952	6.5	none	
NeighborHeightNodeSwap	0.00474348	38	7973	6.5	none	
GlobalHeightSizeMixer	0.445211	516	643	1	0.0415554	
GlobalHeightSizeRateScaler	0.484287	601	640	1	0.0323758	
GlobalNodeHeightDirichletOperator	0.332324	5600	11251	1	0.000218865	
GlobalPopSizeScaler	0.478367	586	639	1	0.0636769	
NodeHeightDirichletOperator	0.655431	4978	2617	6.5	0.00744593	
NodeHeightMover	0.25439	1999	5859	6.5	0.000390588	
NodeHeightScaler	0.56942	4495	3399	6.5	0.0942468	
NodeHeightSlideBumpScaler	0.556994	4344	3455	6.5	0.0972702	
NodeHeightSlideBumpSwapScaler	0.576977	4561	3344	6.5	0.0931276	
RootHeightScaler	0.551042	9306	7582	1	0.0707349	
SplitLumpNodesRevJumpSampler	0.0429268	220	4905	4.33333	1	
SplitLumpNodesRevJumpSampler	0.0488359	258	5025	4.33333	10	
SplitLumpNodesRevJumpSampler	0.0191979	101	5160	4.33333	100	
TreeScaler	0.537721	670	576	1	0.0471342	
generation 7000:
name	prop_accepted	number_accepted	number_rejected	weight	tuning_parameter
NeighborHeightNodePermute	0.00496868	46	9212	6.5	none	
NeighborHeightNodeSwap	0.00535045	50	9295	6.5	none	
GlobalHeightSizeMixer	0.441587	601	760	1	0.0414887	
GlobalHeightSizeRateScaler	0.48218	690	741	1	0.0325579	
GlobalNodeHeightDirichletOperator	0.335244	6610	13107	1	0.00021562	
GlobalPopSizeScaler	0.472184	679	759	1	0.0635543	
NodeHeightDirichletOperator	0.653266	5850	3105	6.5	0.00768428	
NodeHeightMover	0.260675	2393	6787	6.5	0.000382067	
NodeHeightScaler	0.56192	5150	4015	6.5	0.0953107	
NodeHeightSlideBumpScaler	0.550454	5035	4112	6.5	0.0983607	
NodeHeightSlideBumpSwapScaler	0.571225	5217	3916	6.5	0.0943801	
RootHeightScaler	0.54375	10757	9026	1	0.0714952	
SplitLumpNodesRevJumpSampler	0.0435292	260	5713	4.33333	1	
SplitLumpNodesRevJumpSampler	0.0479884	297	5892	4.33333	10	
SplitLumpNodesRevJumpSampler	0.0188923	117	6076	4.33333	100	
TreeScaler	0.530314	761	674	1	0.0474803	
generation 8000:
name	prop_accepted	number_accepted	number_rejected	weight	tuning_parameter
NeighborHeightNodePermute	0.00502132	53	10502	6.5	none	
NeighborHeightNodeSwap	0.00552641	59	10617	6.5	none	
GlobalHeightSizeMixer	0.43598	681	881	1	0.0413337	
GlobalHeightSizeRateScaler	0.477273	777	851	1	0.0325703	
GlobalNodeHeightDirichletOperator	0.336914	7621	14999	1	0.000212988	
GlobalPopSizeScaler	0.457729	758	898	1	0.062994	
NodeHeightDirichletOperator	0.65175	6685	3572	6.5	0.00788044	
NodeHeightMover	0.264796	2774	7702	6.5	0.000374623	
NodeHeightScaler	0.559377	5822	4586	6.5	0.0964487	
NodeHeightSlideBumpScaler	0.550363	5759	4705	6.5	0.0997417	
NodeHeightSlideBumpSwapScaler	0.565447	5901	4535	6.5	0.0953799	
RootHeightScaler	0.540038	12254	10437	1	0.0722343	
SplitLumpNodesRevJumpSampler	0.0440169	302	6559	4.33333	1	
SplitLumpNodesRevJumpSampler	0.0484798	346	6791	4.33333	10	
SplitLumpNodesRevJumpSampler	0.0188412	133	6926	4.33333	100	
TreeScaler	0.521283	845	776	1	0.0475655	
generation 9000:
name	prop_accepted	number_accepted	number_rejected	weight	tuning_parameter
NeighborHeightNodePermute	0.00532815	63	11761	6.5	none	
NeighborHeightNodeSwap	0.00534402	64	11912	6.5	none	
GlobalHeightSizeMixer	0.438955	773	988	1	0.0415328	
GlobalHeightSizeRateScaler	0.473713	865	961	1	0.0325495	
GlobalNodeHeightDirichletOperator	0.338297	8610	16841	1	0.000210728	
GlobalPopSizeScaler	0.449462	836	1024	1	0.062737	
NodeHeightDirichletOperator	0.647125	7484	4081	6.5	0.0080584	
NodeHeightMover	0.268477	3164	8621	6.5	0.000368224	
NodeHeightScaler	0.555413	6490	5195	6.5	0.0974466	
NodeHeightSlideBumpScaler	0.549241	6514	5346	6.5	0.100853	
NodeHeightSlideBumpSwapScaler	0.561777	6602	5150	6.5	0.0964321	
RootHeightScaler	0.538262	13723	11772	1	0.072925	
SplitLumpNodesRevJumpSampler	0.042756	332	7433	4.33333	1	
SplitLumpNodesRevJumpSampler	0.0473875	380	7639	4.33333	10	
SplitLumpNodesRevJumpSampler	0.0187865	148	7730	4.33333	100	
TreeScaler	0.517906	940	875	1	0.0478083	
generation 10000:
name	prop_accepted	number_accepted	number_rejected	weight	tuning_parameter
NeighborHeightNodePermute	0.00524795	69	13079	6.5	none	
NeighborHeightNodeSwap	0.0050486	67	13204	6.5	none	
GlobalHeightSizeMixer	0.436214	848	1096	1	0.041407	
GlobalHeightSizeRateScaler	0.473245	964	1073	1	0.03276	
GlobalNodeHeightDirichletOperator	0.33991	9613	18668	1	0.000208716	
GlobalPopSizeScaler	0.458133	952	1126	1	0.0630543	
NodeHeightDirichletOperator	0.644921	8324	4583	6.5	0.00821644	
NodeHeightMover	0.270276	3529	9528	6.5	0.000362871	
NodeHeightScaler	0.551472	7157	5821	6.5	0.098268	
NodeHeightSlideBumpScaler	0.544965	7181	5996	6.5	0.101533	
NodeHeightSlideBumpSwapScaler	0.558736	7301	5766	6.5	0.0973993	
RootHeightScaler	0.534945	15140	13162	1	0.0734167	
SplitLumpNodesRevJumpSampler	0.0422535	366	8296	4.33333	1	
SplitLumpNodesRevJumpSampler	0.0464173	412	8464	4.33333	10	
SplitLumpNodesRevJumpSampler	0.0187836	164	8567	4.33333	100	
TreeScaler	0.521092	1050	965	1	0.0482344	
