generation 1000:
name	prop_accepted	number_accepted	number_rejected	weight	tuning_parameter
NeighborHeightNodePermute	0.00982615	13	1310	6.5	none	
NeighborHeightNodeSwap	0.00738007	10	1345	6.5	none	
GlobalHeightSizeMixer	0.409574	77	111	1	0.032685	
GlobalHeightSizeRateScaler	0.522222	94	86	1	0.027908	
GlobalNodeHeightDirichletOperator	0.354035	1009	1841	1	0.000243942	
GlobalPopSizeScaler	0.485849	103	109	1	0.0521535	
NodeHeightDirichletOperator	0.688747	863	390	6.5	0.00580059	
NodeHeightMover	0.250983	319	952	6.5	0.000332111	
NodeHeightScaler	0.607681	807	521	6.5	0.0716901	
NodeHeightSlideBumpScaler	0.611239	794	505	6.5	0.0804406	
NodeHeightSlideBumpSwapScaler	0.607976	808	521	6.5	0.0757852	
RootHeightScaler	0.614416	1756	1102	1	0.0634004	
SplitLumpNodesRevJumpSampler	0.0214932	19	865	4.33333	1	
SplitLumpNodesRevJumpSampler	0.0349345	32	884	4.33333	10	
SplitLumpNodesRevJumpSampler	0.0186263	16	843	4.33333	100	
TreeScaler	0.608911	123	79	1	0.040973	
generation 2000:
name	prop_accepted	number_accepted	number_rejected	weight	tuning_parameter
NeighborHeightNodePermute	0.00617761	16	2574	6.5	none	
NeighborHeightNodeSwap	0.00404858	11	2706	6.5	none	
GlobalHeightSizeMixer	0.415344	157	221	1	0.0319787	
GlobalHeightSizeRateScaler	0.527415	202	181	1	0.0302744	
GlobalNodeHeightDirichletOperator	0.354377	2032	3702	1	0.000228315	
GlobalPopSizeScaler	0.473039	193	215	1	0.0520659	
NodeHeightDirichletOperator	0.676029	1757	842	6.5	0.00684579	
NodeHeightMover	0.276336	703	1841	6.5	0.000300559	
NodeHeightScaler	0.595506	1537	1044	6.5	0.0782284	
NodeHeightSlideBumpScaler	0.58311	1526	1091	6.5	0.0871036	
NodeHeightSlideBumpSwapScaler	0.582642	1544	1106	6.5	0.0821522	
RootHeightScaler	0.584226	3326	2367	1	0.0684758	
SplitLumpNodesRevJumpSampler	0.0244041	43	1719	4.33333	1	
SplitLumpNodesRevJumpSampler	0.037493	67	1720	4.33333	10	
SplitLumpNodesRevJumpSampler	0.013544	24	1748	4.33333	100	
TreeScaler	0.569712	237	179	1	0.044374	
generation 3000:
name	prop_accepted	number_accepted	number_rejected	weight	tuning_parameter
NeighborHeightNodePermute	0.00463918	18	3862	6.5	none	
NeighborHeightNodeSwap	0.00341797	14	4082	6.5	none	
GlobalHeightSizeMixer	0.411966	241	344	1	0.0315087	
GlobalHeightSizeRateScaler	0.519525	306	283	1	0.0313616	
GlobalNodeHeightDirichletOperator	0.349588	2968	5522	1	0.000219623	
GlobalPopSizeScaler	0.464463	281	324	1	0.0517967	
NodeHeightDirichletOperator	0.669861	2656	1309	6.5	0.00745488	
NodeHeightMover	0.294588	1143	2737	6.5	0.000286465	
NodeHeightScaler	0.583612	2265	1616	6.5	0.0820751	
NodeHeightSlideBumpScaler	0.573839	2211	1642	6.5	0.090671	
NodeHeightSlideBumpSwapScaler	0.572643	2290	1709	6.5	0.0859972	
RootHeightScaler	0.568421	4806	3649	1	0.0710818	
SplitLumpNodesRevJumpSampler	0.0226227	59	2549	4.33333	1	
SplitLumpNodesRevJumpSampler	0.0373134	100	2580	4.33333	10	
SplitLumpNodesRevJumpSampler	0.0111453	29	2573	4.33333	100	
TreeScaler	0.530782	319	282	1	0.0452218	
generation 4000:
name	prop_accepted	number_accepted	number_rejected	weight	tuning_parameter
NeighborHeightNodePermute	0.00367789	19	5147	6.5	none	
NeighborHeightNodeSwap	0.0027881	15	5365	6.5	none	
GlobalHeightSizeMixer	0.411097	326	467	1	0.0314563	
GlobalHeightSizeRateScaler	0.504516	391	384	1	0.0315737	
GlobalNodeHeightDirichletOperator	0.348802	3961	7395	1	0.000214175	
GlobalPopSizeScaler	0.45283	360	435	1	0.0515211	
NodeHeightDirichletOperator	0.666858	3479	1738	6.5	0.00791628	
NodeHeightMover	0.303497	1597	3665	6.5	0.000277149	
NodeHeightScaler	0.569826	2946	2224	6.5	0.0842578	
NodeHeightSlideBumpScaler	0.555556	2850	2280	6.5	0.0924058	
NodeHeightSlideBumpSwapScaler	0.562558	3017	2346	6.5	0.0883538	
RootHeightScaler	0.554339	6279	5048	1	0.0727043	
SplitLumpNodesRevJumpSampler	0.0212404	75	3456	4.33333	1	
SplitLumpNodesRevJumpSampler	0.0328836	117	3441	4.33333	10	
SplitLumpNodesRevJumpSampler	0.0101273	35	3421	4.33333	100	
TreeScaler	0.51875	415	385	1	0.0460793	
generation 5000:
name	prop_accepted	number_accepted	number_rejected	weight	tuning_parameter
NeighborHeightNodePermute	0.00310945	20	6412	6.5	none	
NeighborHeightNodeSwap	0.00269663	18	6657	6.5	none	
GlobalHeightSizeMixer	0.40481	404	594	1	0.0311046	
GlobalHeightSizeRateScaler	0.507568	503	488	1	0.0320429	
GlobalNodeHeightDirichletOperator	0.351376	4992	9215	1	0.000210336	
GlobalPopSizeScaler	0.449203	451	553	1	0.0513736	
NodeHeightDirichletOperator	0.662019	4321	2206	6.5	0.00827779	
NodeHeightMover	0.31055	2040	4529	6.5	0.000271433	
NodeHeightScaler	0.562799	3652	2837	6.5	0.0863039	
NodeHeightSlideBumpScaler	0.549257	3546	2910	6.5	0.0941062	
NodeHeightSlideBumpSwapScaler	0.551414	3684	2997	6.5	0.0899337	
RootHeightScaler	0.546429	7750	6433	1	0.0739891	
SplitLumpNodesRevJumpSampler	0.0189959	84	4338	4.33333	1	
SplitLumpNodesRevJumpSampler	0.0317782	141	4296	4.33333	10	
SplitLumpNodesRevJumpSampler	0.00966406	42	4304	4.33333	100	
TreeScaler	0.507128	498	484	1	0.0461869	
generation 6000:
name	prop_accepted	number_accepted	number_rejected	weight	tuning_parameter
NeighborHeightNodePermute	0.00258465	20	7718	6.5	none	
NeighborHeightNodeSwap	0.0022338	18	8040	6.5	none	
GlobalHeightSizeMixer	0.402812	487	722	1	0.0307271	
GlobalHeightSizeRateScaler	0.49197	582	601	1	0.032025	
GlobalNodeHeightDirichletOperator	0.352979	6007	11011	1	0.000207401	
GlobalPopSizeScaler	0.4625	555	645	1	0.0519445	
NodeHeightDirichletOperator	0.656142	5112	2679	6.5	0.00856983	
NodeHeightMover	0.318726	2502	5348	6.5	0.000267757	
NodeHeightScaler	0.557209	4344	3452	6.5	0.0877393	
NodeHeightSlideBumpScaler	0.543285	4211	3540	6.5	0.0953408	
NodeHeightSlideBumpSwapScaler	0.54651	4377	3632	6.5	0.0912428	
RootHeightScaler	0.538362	9157	7852	1	0.0748278	
SplitLumpNodesRevJumpSampler	0.0183226	97	5197	4.33333	1	
SplitLumpNodesRevJumpSampler	0.0308387	164	5154	4.33333	10	
SplitLumpNodesRevJumpSampler	0.00978699	51	5160	4.33333	100	
TreeScaler	0.501667	602	598	1	0.0465704	
generation 7000:
name	prop_accepted	number_accepted	number_rejected	weight	tuning_parameter
NeighborHeightNodePermute	0.00219611	20	9087	6.5	none	
NeighborHeightNodeSwap	0.00202645	19	9357	6.5	none	
GlobalHeightSizeMixer	0.406073	575	841	1	0.0307125	
GlobalHeightSizeRateScaler	0.487894	665	698	1	0.0321599	
GlobalNodeHeightDirichletOperator	0.355218	7039	12777	1	0.000205266	
GlobalPopSizeScaler	0.454743	628	753	1	0.0516578	
NodeHeightDirichletOperator	0.654397	5938	3136	6.5	0.00883608	
NodeHeightMover	0.323851	2960	6180	6.5	0.000264766	
NodeHeightScaler	0.547999	5012	4134	6.5	0.088548	
NodeHeightSlideBumpScaler	0.537006	4883	4210	6.5	0.0962337	
NodeHeightSlideBumpSwapScaler	0.539074	5008	4282	6.5	0.0921175	
RootHeightScaler	0.531778	10534	9275	1	0.0754606	
SplitLumpNodesRevJumpSampler	0.0174701	108	6074	4.33333	1	
SplitLumpNodesRevJumpSampler	0.029945	185	5993	4.33333	10	
SplitLumpNodesRevJumpSampler	0.00939354	57	6011	4.33333	100	
TreeScaler	0.492176	692	714	1	0.0467916	
generation 8000:
name	prop_accepted	number_accepted	number_rejected	weight	tuning_parameter
NeighborHeightNodePermute	0.0021213	22	10349	6.5	none	
NeighborHeightNodeSwap	0.00206476	22	10633	6.5	none	
GlobalHeightSizeMixer	0.3975	636	964	1	0.0302867	
GlobalHeightSizeRateScaler	0.479691	744	807	1	0.0319976	
GlobalNodeHeightDirichletOperator	0.358046	8128	14573	1	0.000203337	
GlobalPopSizeScaler	0.449686	715	875	1	0.0516016	
NodeHeightDirichletOperator	0.653279	6783	3600	6.5	0.00908712	
NodeHeightMover	0.329348	3443	7011	6.5	0.000262503	
NodeHeightScaler	0.54405	5706	4782	6.5	0.0893629	
NodeHeightSlideBumpScaler	0.533641	5552	4852	6.5	0.0970679	
NodeHeightSlideBumpSwapScaler	0.536422	5685	4913	6.5	0.0929724	
RootHeightScaler	0.527913	11972	10706	1	0.076094	
SplitLumpNodesRevJumpSampler	0.0171952	122	6973	4.33333	1	
SplitLumpNodesRevJumpSampler	0.0282992	199	6833	4.33333	10	
SplitLumpNodesRevJumpSampler	0.00888252	62	6918	4.33333	100	
TreeScaler	0.486137	789	834	1	0.0468596	
generation 9000:
name	prop_accepted	number_accepted	number_rejected	weight	tuning_parameter
NeighborHeightNodePermute	0.00195961	23	11714	6.5	none	
NeighborHeightNodeSwap	0.00200602	24	11940	6.5	none	
GlobalHeightSizeMixer	0.404326	729	1074	1	0.0303817	
GlobalHeightSizeRateScaler	0.473774	831	923	1	0.0319965	
GlobalNodeHeightDirichletOperator	0.358843	9153	16354	1	0.000201799	
GlobalPopSizeScaler	0.444633	787	983	1	0.0516206	
NodeHeightDirichletOperator	0.647422	7558	4116	6.5	0.00926864	
NodeHeightMover	0.334859	3951	7848	6.5	0.000260377	
NodeHeightScaler	0.540087	6339	5398	6.5	0.0901451	
NodeHeightSlideBumpScaler	0.53125	6222	5490	6.5	0.0979407	
NodeHeightSlideBumpSwapScaler	0.534022	6357	5547	6.5	0.093836	
RootHeightScaler	0.523067	13345	12168	1	0.0765732	
SplitLumpNodesRevJumpSampler	0.0176294	141	7857	4.33333	1	
SplitLumpNodesRevJumpSampler	0.0285714	224	7616	4.33333	10	
SplitLumpNodesRevJumpSampler	0.00888325	70	7810	4.33333	100	
TreeScaler	0.48227	884	949	1	0.0468872	
generation 10000:
name	prop_accepted	number_accepted	number_rejected	weight	tuning_parameter
NeighborHeightNodePermute	0.00200108	26	12967	6.5	none	
NeighborHeightNodeSwap	0.00194625	26	13333	6.5	none	
GlobalHeightSizeMixer	0.401709	799	1190	1	0.0302953	
GlobalHeightSizeRateScaler	0.469199	914	1034	1	0.0319736	
GlobalNodeHeightDirichletOperator	0.359533	10196	18163	1	0.000200183	
GlobalPopSizeScaler	0.448049	884	1089	1	0.0520205	
NodeHeightDirichletOperator	0.643782	8355	4623	6.5	0.00944277	
NodeHeightMover	0.338322	4408	8621	6.5	0.000258968	
NodeHeightScaler	0.539994	7048	6004	6.5	0.0911311	
NodeHeightSlideBumpScaler	0.528131	6890	6156	6.5	0.0986135	
NodeHeightSlideBumpSwapScaler	0.531054	7020	6199	6.5	0.094508	
RootHeightScaler	0.519824	14750	13625	1	0.0769178	
SplitLumpNodesRevJumpSampler	0.0190616	169	8697	4.33333	1	
SplitLumpNodesRevJumpSampler	0.0279298	245	8527	4.33333	10	
SplitLumpNodesRevJumpSampler	0.00892959	78	8657	4.33333	100	
TreeScaler	0.483839	988	1054	1	0.0471769	
