generation 1000:
name	prop_accepted	number_accepted	number_rejected	weight	tuning_parameter
NeighborHeightNodePermute	0.0126866	17	1323	6.5	none	
NeighborHeightNodeSwap	0.0113293	15	1309	6.5	none	
GlobalHeightSizeMixer	0.530233	114	101	1	0.0331832	
GlobalHeightSizeRateScaler	0.577889	115	84	1	0.0325631	
GlobalNodeHeightDirichletOperator	0.394916	1103	1690	1	0.000187387	
GlobalPopSizeScaler	0.590674	114	79	1	0.0578271	
NodeHeightDirichletOperator	0.7099	925	378	6.5	0.00476174	
NodeHeightMover	0.277259	356	928	6.5	0.000352899	
NodeHeightScaler	0.623511	785	474	6.5	0.0775221	
NodeHeightSlideBumpScaler	0.54755	760	628	6.5	0.102315	
NodeHeightSlideBumpSwapScaler	0.581704	744	535	6.5	0.0882939	
RootHeightScaler	0.512335	1433	1364	1	0.0740844	
SplitLumpNodesRevJumpSampler	0.0719424	60	774	4.33333	1	
SplitLumpNodesRevJumpSampler	0.0476718	43	859	4.33333	10	
SplitLumpNodesRevJumpSampler	0.0213018	18	827	4.33333	100	
TreeScaler	0.566138	107	82	1	0.0369223	
generation 2000:
name	prop_accepted	number_accepted	number_rejected	weight	tuning_parameter
NeighborHeightNodePermute	0.00713481	19	2644	6.5	none	
NeighborHeightNodeSwap	0.00833333	22	2618	6.5	none	
GlobalHeightSizeMixer	0.503632	208	205	1	0.0346198	
GlobalHeightSizeRateScaler	0.518519	210	195	1	0.0331311	
GlobalNodeHeightDirichletOperator	0.389513	2184	3423	1	0.00017962	
GlobalPopSizeScaler	0.556675	221	176	1	0.0614691	
NodeHeightDirichletOperator	0.704184	1902	799	6.5	0.00580473	
NodeHeightMover	0.294773	767	1835	6.5	0.000322633	
NodeHeightScaler	0.586546	1491	1051	6.5	0.0846298	
NodeHeightSlideBumpScaler	0.523503	1381	1257	6.5	0.107224	
NodeHeightSlideBumpSwapScaler	0.551252	1409	1147	6.5	0.0945617	
RootHeightScaler	0.507511	2838	2754	1	0.0772191	
SplitLumpNodesRevJumpSampler	0.0508677	85	1586	4.33333	1	
SplitLumpNodesRevJumpSampler	0.0374093	67	1724	4.33333	10	
SplitLumpNodesRevJumpSampler	0.0198482	34	1679	4.33333	100	
TreeScaler	0.548628	220	181	1	0.0409622	
generation 3000:
name	prop_accepted	number_accepted	number_rejected	weight	tuning_parameter
NeighborHeightNodePermute	0.0075	30	3970	6.5	none	
NeighborHeightNodeSwap	0.00638896	25	3888	6.5	none	
GlobalHeightSizeMixer	0.489327	298	311	1	0.0349448	
GlobalHeightSizeRateScaler	0.503226	312	308	1	0.0333775	
GlobalNodeHeightDirichletOperator	0.385967	3251	5172	1	0.000175564	
GlobalPopSizeScaler	0.52649	318	286	1	0.0619931	
NodeHeightDirichletOperator	0.691825	2759	1229	6.5	0.00632206	
NodeHeightMover	0.308687	1194	2674	6.5	0.000309835	
NodeHeightScaler	0.571726	2196	1645	6.5	0.0886663	
NodeHeightSlideBumpScaler	0.519586	2056	1901	6.5	0.110307	
NodeHeightSlideBumpSwapScaler	0.548734	2145	1764	6.5	0.0986074	
RootHeightScaler	0.503273	4229	4174	1	0.0789389	
SplitLumpNodesRevJumpSampler	0.0460578	118	2444	4.33333	1	
SplitLumpNodesRevJumpSampler	0.0414334	111	2568	4.33333	10	
SplitLumpNodesRevJumpSampler	0.0212431	54	2488	4.33333	100	
TreeScaler	0.54127	341	289	1	0.0430502	
generation 4000:
name	prop_accepted	number_accepted	number_rejected	weight	tuning_parameter
NeighborHeightNodePermute	0.00659631	35	5271	6.5	none	
NeighborHeightNodeSwap	0.00530002	28	5255	6.5	none	
GlobalHeightSizeMixer	0.496333	406	412	1	0.0357556	
GlobalHeightSizeRateScaler	0.493932	407	417	1	0.033616	
GlobalNodeHeightDirichletOperator	0.38712	4352	6890	1	0.000173105	
GlobalPopSizeScaler	0.519851	419	387	1	0.0635393	
NodeHeightDirichletOperator	0.679601	3608	1701	6.5	0.0066974	
NodeHeightMover	0.315291	1631	3542	6.5	0.000301026	
NodeHeightScaler	0.561953	2889	2252	6.5	0.0912167	
NodeHeightSlideBumpScaler	0.516141	2718	2548	6.5	0.112273	
NodeHeightSlideBumpSwapScaler	0.544106	2825	2367	6.5	0.100696	
RootHeightScaler	0.496341	5562	5644	1	0.0794875	
SplitLumpNodesRevJumpSampler	0.0450189	155	3288	4.33333	1	
SplitLumpNodesRevJumpSampler	0.0420757	150	3415	4.33333	10	
SplitLumpNodesRevJumpSampler	0.0185185	63	3339	4.33333	100	
TreeScaler	0.541162	447	379	1	0.0443768	
generation 5000:
name	prop_accepted	number_accepted	number_rejected	weight	tuning_parameter
NeighborHeightNodePermute	0.00651713	43	6555	6.5	none	
NeighborHeightNodeSwap	0.00500379	33	6562	6.5	none	
GlobalHeightSizeMixer	0.485881	499	528	1	0.0358934	
GlobalHeightSizeRateScaler	0.490622	497	516	1	0.033813	
GlobalNodeHeightDirichletOperator	0.389657	5493	8604	1	0.000171668	
GlobalPopSizeScaler	0.517695	512	477	1	0.0640356	
NodeHeightDirichletOperator	0.670643	4441	2181	6.5	0.00699635	
NodeHeightMover	0.322651	2084	4375	6.5	0.00029446	
NodeHeightScaler	0.557403	3588	2849	6.5	0.0933408	
NodeHeightSlideBumpScaler	0.512232	3371	3210	6.5	0.113797	
NodeHeightSlideBumpSwapScaler	0.532535	3470	3046	6.5	0.101729	
RootHeightScaler	0.490111	6889	7167	1	0.0801241	
SplitLumpNodesRevJumpSampler	0.0469658	202	4099	4.33333	1	
SplitLumpNodesRevJumpSampler	0.0437793	196	4281	4.33333	10	
SplitLumpNodesRevJumpSampler	0.0168342	72	4205	4.33333	100	
TreeScaler	0.532951	558	489	1	0.0448499	
generation 6000:
name	prop_accepted	number_accepted	number_rejected	weight	tuning_parameter
NeighborHeightNodePermute	0.00607518	48	7853	6.5	none	
NeighborHeightNodeSwap	0.0046877	37	7856	6.5	none	
GlobalHeightSizeMixer	0.490212	601	625	1	0.0363222	
GlobalHeightSizeRateScaler	0.490551	597	620	1	0.0341386	
GlobalNodeHeightDirichletOperator	0.392014	6656	10323	1	0.000170378	
GlobalPopSizeScaler	0.505618	585	572	1	0.0638454	
NodeHeightDirichletOperator	0.665319	5264	2648	6.5	0.007243	
NodeHeightMover	0.332991	2594	5196	6.5	0.000290809	
NodeHeightScaler	0.553411	4300	3470	6.5	0.0951298	
NodeHeightSlideBumpScaler	0.506788	3994	3887	6.5	0.114375	
NodeHeightSlideBumpSwapScaler	0.531529	4164	3670	6.5	0.10342	
RootHeightScaler	0.487334	8234	8662	1	0.0805792	
SplitLumpNodesRevJumpSampler	0.0463194	241	4962	4.33333	1	
SplitLumpNodesRevJumpSampler	0.0440439	237	5144	4.33333	10	
SplitLumpNodesRevJumpSampler	0.0169525	87	5045	4.33333	100	
TreeScaler	0.539452	670	572	1	0.0455763	
generation 7000:
name	prop_accepted	number_accepted	number_rejected	weight	tuning_parameter
NeighborHeightNodePermute	0.00596335	55	9168	6.5	none	
NeighborHeightNodeSwap	0.00530533	49	9187	6.5	none	
GlobalHeightSizeMixer	0.491325	708	733	1	0.0365955	
GlobalHeightSizeRateScaler	0.487737	696	731	1	0.0342461	
GlobalNodeHeightDirichletOperator	0.393509	7784	11997	1	0.000169393	
GlobalPopSizeScaler	0.499635	685	686	1	0.0639832	
NodeHeightDirichletOperator	0.662882	6072	3088	6.5	0.0074473	
NodeHeightMover	0.341248	3090	5965	6.5	0.000288529	
NodeHeightScaler	0.550557	5042	4116	6.5	0.0966058	
NodeHeightSlideBumpScaler	0.506766	4644	4520	6.5	0.115604	
NodeHeightSlideBumpSwapScaler	0.528209	4831	4315	6.5	0.104498	
RootHeightScaler	0.48511	9562	10149	1	0.0809173	
SplitLumpNodesRevJumpSampler	0.0451389	273	5775	4.33333	1	
SplitLumpNodesRevJumpSampler	0.0436521	273	5981	4.33333	10	
SplitLumpNodesRevJumpSampler	0.0162872	98	5919	4.33333	100	
TreeScaler	0.539916	771	657	1	0.0461856	
generation 8000:
name	prop_accepted	number_accepted	number_rejected	weight	tuning_parameter
NeighborHeightNodePermute	0.00562119	59	10437	6.5	none	
NeighborHeightNodeSwap	0.00531713	56	10476	6.5	none	
GlobalHeightSizeMixer	0.491175	807	836	1	0.0368689	
GlobalHeightSizeRateScaler	0.482906	791	847	1	0.0342995	
GlobalNodeHeightDirichletOperator	0.392044	8890	13786	1	0.000168276	
GlobalPopSizeScaler	0.486726	770	812	1	0.0635201	
NodeHeightDirichletOperator	0.658073	6892	3581	6.5	0.00763635	
NodeHeightMover	0.345928	3589	6786	6.5	0.000285999	
NodeHeightScaler	0.549971	5734	4692	6.5	0.0978901	
NodeHeightSlideBumpScaler	0.50319	5285	5218	6.5	0.115995	
NodeHeightSlideBumpSwapScaler	0.526583	5487	4933	6.5	0.105603	
RootHeightScaler	0.482112	10902	11711	1	0.0812364	
SplitLumpNodesRevJumpSampler	0.0449292	311	6611	4.33333	1	
SplitLumpNodesRevJumpSampler	0.0435209	311	6835	4.33333	10	
SplitLumpNodesRevJumpSampler	0.0165778	115	6822	4.33333	100	
TreeScaler	0.527329	849	761	1	0.0462139	
generation 9000:
name	prop_accepted	number_accepted	number_rejected	weight	tuning_parameter
NeighborHeightNodePermute	0.00593472	70	11725	6.5	none	
NeighborHeightNodeSwap	0.00491109	58	11752	6.5	none	
GlobalHeightSizeMixer	0.487978	893	937	1	0.0368344	
GlobalHeightSizeRateScaler	0.477977	879	960	1	0.0343685	
GlobalNodeHeightDirichletOperator	0.393537	10047	15483	1	0.000167386	
GlobalPopSizeScaler	0.47797	857	936	1	0.0633853	
NodeHeightDirichletOperator	0.655149	7679	4042	6.5	0.0077913	
NodeHeightMover	0.348879	4092	7637	6.5	0.000283635	
NodeHeightScaler	0.547179	6431	5322	6.5	0.098954	
NodeHeightSlideBumpScaler	0.504188	5959	5860	6.5	0.116886	
NodeHeightSlideBumpSwapScaler	0.525541	6173	5573	6.5	0.106434	
RootHeightScaler	0.480058	12217	13232	1	0.0815026	
SplitLumpNodesRevJumpSampler	0.0441705	344	7444	4.33333	1	
SplitLumpNodesRevJumpSampler	0.0444889	356	7646	4.33333	10	
SplitLumpNodesRevJumpSampler	0.0173248	136	7714	4.33333	100	
TreeScaler	0.522124	944	864	1	0.046651	
generation 10000:
name	prop_accepted	number_accepted	number_rejected	weight	tuning_parameter
NeighborHeightNodePermute	0.00587293	77	13034	6.5	none	
NeighborHeightNodeSwap	0.0045565	60	13108	6.5	none	
GlobalHeightSizeMixer	0.487769	997	1047	1	0.0369943	
GlobalHeightSizeRateScaler	0.477284	977	1070	1	0.0344952	
GlobalNodeHeightDirichletOperator	0.393468	11132	17160	1	0.000166731	
GlobalPopSizeScaler	0.474585	943	1044	1	0.0633502	
NodeHeightDirichletOperator	0.654309	8542	4513	6.5	0.00797373	
NodeHeightMover	0.350303	4562	8461	6.5	0.000281434	
NodeHeightScaler	0.545315	7100	5920	6.5	0.0997315	
NodeHeightSlideBumpScaler	0.504596	6642	6521	6.5	0.117627	
NodeHeightSlideBumpSwapScaler	0.524506	6849	6209	6.5	0.107199	
RootHeightScaler	0.477879	13480	14728	1	0.0816554	
SplitLumpNodesRevJumpSampler	0.044757	385	8217	4.33333	1	
SplitLumpNodesRevJumpSampler	0.044462	395	8489	4.33333	10	
SplitLumpNodesRevJumpSampler	0.0169569	148	8580	4.33333	100	
TreeScaler	0.518812	1048	972	1	0.04698	
