generation 1000:
name	prop_accepted	number_accepted	number_rejected	weight	tuning_parameter
NeighborHeightNodePermute	0.00922045	11	1182	6	none	
NeighborHeightNodeSwap	0.010425	13	1234	6	none	
GlobalHeightSizeMixer	0.444954	97	121	1	0.0343668	
GlobalHeightSizeRateScaler	0.568075	121	92	1	0.0292865	
GlobalNodeHeightDirichletOperator	0.287423	745	1847	1	0.000281046	
GlobalPopSizeScaler	0.533654	111	97	1	0.0502033	
NodeHeightDirichletOperator	0.689145	838	378	6	0.00499679	
NodeHeightMover	0.178541	213	980	6	0.000630402	
NodeHeightScaler	0.599829	700	467	6	0.0820209	
NodeHeightSlideBumpScaler	0.67237	786	383	6	0.0600374	
NodeHeightSlideBumpSwapScaler	0.647887	736	400	6	0.0618125	
RootHeightScaler	0.414439	1085	1533	1	0.0506093	
SplitLumpNodesRevJumpSampler	0.0514139	40	738	4	1	
SplitLumpNodesRevJumpSampler	0.0673077	56	776	4	10	
SplitLumpNodesRevJumpSampler	0.0115385	9	771	4	100	
TreeScaler	0.600917	131	87	1	0.0413777	
generation 2000:
name	prop_accepted	number_accepted	number_rejected	weight	tuning_parameter
NeighborHeightNodePermute	0.00654397	16	2429	6	none	
NeighborHeightNodeSwap	0.00703351	17	2400	6	none	
GlobalHeightSizeMixer	0.436585	179	231	1	0.0342251	
GlobalHeightSizeRateScaler	0.522193	200	183	1	0.0296998	
GlobalNodeHeightDirichletOperator	0.300367	1555	3622	1	0.000256458	
GlobalPopSizeScaler	0.523573	211	192	1	0.0530247	
NodeHeightDirichletOperator	0.690809	1631	730	6	0.00584564	
NodeHeightMover	0.193319	463	1932	6	0.000533895	
NodeHeightScaler	0.571192	1380	1036	6	0.0887103	
NodeHeightSlideBumpScaler	0.652413	1541	821	6	0.0692876	
NodeHeightSlideBumpSwapScaler	0.622194	1469	892	6	0.069734	
RootHeightScaler	0.406711	2121	3094	1	0.0493975	
SplitLumpNodesRevJumpSampler	0.0446822	71	1518	4	1	
SplitLumpNodesRevJumpSampler	0.058147	91	1474	4	10	
SplitLumpNodesRevJumpSampler	0.0105459	17	1595	4	100	
TreeScaler	0.551313	231	188	1	0.0435741	
generation 3000:
name	prop_accepted	number_accepted	number_rejected	weight	tuning_parameter
NeighborHeightNodePermute	0.00463468	17	3651	6	none	
NeighborHeightNodeSwap	0.00528806	19	3574	6	none	
GlobalHeightSizeMixer	0.438111	269	345	1	0.0343126	
GlobalHeightSizeRateScaler	0.490132	298	310	1	0.0299319	
GlobalNodeHeightDirichletOperator	0.307997	2411	5417	1	0.000244366	
GlobalPopSizeScaler	0.500826	303	302	1	0.0533491	
NodeHeightDirichletOperator	0.674792	2353	1134	6	0.00634889	
NodeHeightMover	0.200336	716	2858	6	0.000487805	
NodeHeightScaler	0.558897	2026	1599	6	0.0922178	
NodeHeightSlideBumpScaler	0.62663	2259	1346	6	0.0737926	
NodeHeightSlideBumpSwapScaler	0.611915	2157	1368	6	0.0740384	
RootHeightScaler	0.40968	3225	4647	1	0.0490807	
SplitLumpNodesRevJumpSampler	0.03875	93	2307	4	1	
SplitLumpNodesRevJumpSampler	0.0498132	120	2289	4	10	
SplitLumpNodesRevJumpSampler	0.0108243	26	2376	4	100	
TreeScaler	0.538843	326	279	1	0.0449305	
generation 4000:
name	prop_accepted	number_accepted	number_rejected	weight	tuning_parameter
NeighborHeightNodePermute	0.0035124	17	4823	6	none	
NeighborHeightNodeSwap	0.00439698	21	4755	6	none	
GlobalHeightSizeMixer	0.430905	343	453	1	0.0341195	
GlobalHeightSizeRateScaler	0.486859	389	410	1	0.0302574	
GlobalNodeHeightDirichletOperator	0.314708	3261	7101	1	0.000237188	
GlobalPopSizeScaler	0.49294	384	395	1	0.0533879	
NodeHeightDirichletOperator	0.666385	3152	1578	6	0.00676189	
NodeHeightMover	0.204285	982	3825	6	0.000456163	
NodeHeightScaler	0.548815	2687	2209	6	0.0946711	
NodeHeightSlideBumpScaler	0.615464	2969	1855	6	0.0767952	
NodeHeightSlideBumpSwapScaler	0.608091	2886	1860	6	0.0772517	
RootHeightScaler	0.416787	4330	6059	1	0.0491259	
SplitLumpNodesRevJumpSampler	0.0371429	117	3033	4	1	
SplitLumpNodesRevJumpSampler	0.0477371	154	3072	4	10	
SplitLumpNodesRevJumpSampler	0.00946671	30	3139	4	100	
TreeScaler	0.530663	424	375	1	0.0456668	
generation 5000:
name	prop_accepted	number_accepted	number_rejected	weight	tuning_parameter
NeighborHeightNodePermute	0.00279054	17	6075	6	none	
NeighborHeightNodeSwap	0.0035035	21	5973	6	none	
GlobalHeightSizeMixer	0.434116	425	554	1	0.0341656	
GlobalHeightSizeRateScaler	0.466535	474	542	1	0.03007	
GlobalNodeHeightDirichletOperator	0.315687	4073	8829	1	0.000231428	
GlobalPopSizeScaler	0.48345	482	515	1	0.0533228	
NodeHeightDirichletOperator	0.656807	3908	2042	6	0.00706927	
NodeHeightMover	0.211041	1273	4759	6	0.000435234	
NodeHeightScaler	0.541865	3307	2796	6	0.096162	
NodeHeightSlideBumpScaler	0.608171	3632	2340	6	0.0790944	
NodeHeightSlideBumpSwapScaler	0.597978	3549	2386	6	0.0793209	
RootHeightScaler	0.419594	5422	7500	1	0.0490298	
SplitLumpNodesRevJumpSampler	0.036681	145	3808	4	1	
SplitLumpNodesRevJumpSampler	0.0450697	181	3835	4	10	
SplitLumpNodesRevJumpSampler	0.0096766	38	3889	4	100	
TreeScaler	0.524	524	476	1	0.0464712	
generation 6000:
name	prop_accepted	number_accepted	number_rejected	weight	tuning_parameter
NeighborHeightNodePermute	0.00274386	20	7269	6	none	
NeighborHeightNodeSwap	0.00318427	23	7200	6	none	
GlobalHeightSizeMixer	0.440706	524	665	1	0.0341338	
GlobalHeightSizeRateScaler	0.45864	560	661	1	0.0299808	
GlobalNodeHeightDirichletOperator	0.319171	4958	10576	1	0.000227241	
GlobalPopSizeScaler	0.488294	584	612	1	0.0538942	
NodeHeightDirichletOperator	0.650954	4640	2488	6	0.00732206	
NodeHeightMover	0.219739	1583	5621	6	0.000421855	
NodeHeightScaler	0.532058	3867	3401	6	0.097009	
NodeHeightSlideBumpScaler	0.603671	4341	2850	6	0.0811708	
NodeHeightSlideBumpSwapScaler	0.588647	4210	2942	6	0.0809616	
RootHeightScaler	0.419934	6522	9009	1	0.0488896	
SplitLumpNodesRevJumpSampler	0.0356691	169	4569	4	1	
SplitLumpNodesRevJumpSampler	0.044856	218	4642	4	10	
SplitLumpNodesRevJumpSampler	0.00911596	43	4674	4	100	
TreeScaler	0.515586	612	575	1	0.0469177	
generation 7000:
name	prop_accepted	number_accepted	number_rejected	weight	tuning_parameter
NeighborHeightNodePermute	0.00235266	20	8481	6	none	
NeighborHeightNodeSwap	0.00322735	27	8339	6	none	
GlobalHeightSizeMixer	0.437728	601	772	1	0.0340145	
GlobalHeightSizeRateScaler	0.470836	670	753	1	0.0303659	
GlobalNodeHeightDirichletOperator	0.323001	5856	12274	1	0.000224062	
GlobalPopSizeScaler	0.482285	667	716	1	0.0540008	
NodeHeightDirichletOperator	0.648235	5381	2920	6	0.0075375	
NodeHeightMover	0.225386	1900	6530	6	0.000409961	
NodeHeightScaler	0.530065	4487	3978	6	0.0981553	
NodeHeightSlideBumpScaler	0.594607	5006	3413	6	0.0825674	
NodeHeightSlideBumpSwapScaler	0.585964	4918	3475	6	0.0825243	
RootHeightScaler	0.421586	7648	10493	1	0.0488856	
SplitLumpNodesRevJumpSampler	0.0349764	193	5325	4	1	
SplitLumpNodesRevJumpSampler	0.044916	254	5401	4	10	
SplitLumpNodesRevJumpSampler	0.00903179	50	5486	4	100	
TreeScaler	0.511577	707	675	1	0.0470238	
generation 8000:
name	prop_accepted	number_accepted	number_rejected	weight	tuning_parameter
NeighborHeightNodePermute	0.00215252	21	9735	6	none	
NeighborHeightNodeSwap	0.0030392	29	9513	6	none	
GlobalHeightSizeMixer	0.438365	697	893	1	0.0341335	
GlobalHeightSizeRateScaler	0.470158	772	870	1	0.0303451	
GlobalNodeHeightDirichletOperator	0.325411	6736	13964	1	0.000221309	
GlobalPopSizeScaler	0.473418	748	832	1	0.0538784	
NodeHeightDirichletOperator	0.647251	6134	3343	6	0.00773131	
NodeHeightMover	0.228951	2208	7436	6	0.000399958	
NodeHeightScaler	0.52742	5078	4550	6	0.0989579	
NodeHeightSlideBumpScaler	0.590555	5690	3945	6	0.083929	
NodeHeightSlideBumpSwapScaler	0.578821	5559	4045	6	0.0835216	
RootHeightScaler	0.422768	8742	11936	1	0.0488526	
SplitLumpNodesRevJumpSampler	0.034264	216	6088	4	1	
SplitLumpNodesRevJumpSampler	0.0451303	291	6157	4	10	
SplitLumpNodesRevJumpSampler	0.00839272	53	6262	4	100	
TreeScaler	0.509755	810	779	1	0.0472778	
generation 9000:
name	prop_accepted	number_accepted	number_rejected	weight	tuning_parameter
NeighborHeightNodePermute	0.00208882	23	10988	6	none	
NeighborHeightNodeSwap	0.00327225	35	10661	6	none	
GlobalHeightSizeMixer	0.441325	786	995	1	0.0341353	
GlobalHeightSizeRateScaler	0.471831	871	975	1	0.030543	
GlobalNodeHeightDirichletOperator	0.326734	7592	15644	1	0.000218854	
GlobalPopSizeScaler	0.47205	836	935	1	0.0540093	
NodeHeightDirichletOperator	0.643182	6929	3844	6	0.00790911	
NodeHeightMover	0.233579	2532	8308	6	0.000391663	
NodeHeightScaler	0.524012	5674	5154	6	0.0996089	
NodeHeightSlideBumpScaler	0.584711	6333	4498	6	0.0850342	
NodeHeightSlideBumpSwapScaler	0.572816	6191	4617	6	0.0843936	
RootHeightScaler	0.423214	9830	13397	1	0.0487777	
SplitLumpNodesRevJumpSampler	0.0330089	234	6855	4	1	
SplitLumpNodesRevJumpSampler	0.0426	310	6967	4	10	
SplitLumpNodesRevJumpSampler	0.00835103	59	7006	4	100	
TreeScaler	0.501404	893	888	1	0.0474107	
generation 10000:
name	prop_accepted	number_accepted	number_rejected	weight	tuning_parameter
NeighborHeightNodePermute	0.00195695	24	12240	6	none	
NeighborHeightNodeSwap	0.00293624	35	11885	6	none	
GlobalHeightSizeMixer	0.441989	880	1111	1	0.0341952	
GlobalHeightSizeRateScaler	0.474222	975	1081	1	0.0307281	
GlobalNodeHeightDirichletOperator	0.330146	8529	17305	1	0.00021675	
GlobalPopSizeScaler	0.46999	924	1042	1	0.0541866	
NodeHeightDirichletOperator	0.640468	7660	4300	6	0.00806339	
NodeHeightMover	0.238441	2857	9125	6	0.000385335	
NodeHeightScaler	0.520116	6257	5773	6	0.100047	
NodeHeightSlideBumpScaler	0.577454	6941	5079	6	0.0857318	
NodeHeightSlideBumpSwapScaler	0.569319	6825	5163	6	0.085286	
RootHeightScaler	0.423627	10955	14905	1	0.0487273	
SplitLumpNodesRevJumpSampler	0.0328222	259	7632	4	1	
SplitLumpNodesRevJumpSampler	0.0403504	327	7777	4	10	
SplitLumpNodesRevJumpSampler	0.00789206	62	7794	4	100	
TreeScaler	0.496461	982	996	1	0.0475833	
